<?xml version="1.0" encoding="UTF-8"?>
<testng-results skipped="0" failed="0" ignored="0" total="1" passed="1">
  <reporter-output>
  </reporter-output>
  <suite name="Default suite" duration-ms="11885" started-at="2021-08-21T18:24:54Z" finished-at="2021-08-21T18:25:06Z">
    <groups>
    </groups>
    <test name="Default test" duration-ms="11885" started-at="2021-08-21T18:24:54Z" finished-at="2021-08-21T18:25:06Z">
      <class name="variousConcepts.LearnTestNG">
        <test-method status="PASS" signature="readConfig()[pri:0, instance:variousConcepts.LearnTestNG@2b98378d]" name="readConfig" is-config="true" duration-ms="16" started-at="2021-08-21T18:24:54Z" finished-at="2021-08-21T18:24:54Z">
          <reporter-output>
          </reporter-output>
        </test-method> <!-- readConfig -->
        <test-method status="PASS" signature="init()[pri:0, instance:variousConcepts.LearnTestNG@2b98378d]" name="init" is-config="true" duration-ms="5672" started-at="2021-08-21T18:24:54Z" finished-at="2021-08-21T18:25:00Z">
          <reporter-output>
          </reporter-output>
        </test-method> <!-- init -->
        <test-method status="PASS" signature="AddCustomerTest()[pri:2, instance:variousConcepts.LearnTestNG@2b98378d]" name="AddCustomerTest" duration-ms="6146" started-at="2021-08-21T18:25:00Z" finished-at="2021-08-21T18:25:06Z">
          <reporter-output>
          </reporter-output>
        </test-method> <!-- AddCustomerTest -->
      </class> <!-- variousConcepts.LearnTestNG -->
    </test> <!-- Default test -->
  </suite> <!-- Default suite -->
</testng-results>
